Oluşturma başlatıldı: 12/26/2025 4:08:13 AM.
Günlük kaydı ayrıntı düzeyi Normal olarak ayarlandı.     1>1 düğümünde "C:\BASE\ROBOTWIN-STUDIO\robotwin-studio\CoreSim\tests\RobotTwin.CoreSim.Tests\RobotTwin.CoreSim.Tests.csproj" projesi (Restore hedef).
     1>_GetAllRestoreProjectPathItems:
         Geri yüklenecek projeler belirleniyor...
       Restore:
         X.509 sertifika zinciri doğrulaması, kod imzalama için .NET tarafından seçilen varsayılan güven deposunu kullanır.
         X.509 sertifika zinciri doğrulaması, zaman damgalama için .NET tarafından seçilen varsayılan güven deposunu kullanır.
         Varlıklar dosyası değiştirilmedi. Varlıklar dosyasına yazma işlemi atlanıyor. Yol: C:\BASE\ROBOTWIN-STUDIO\robotwin-studio\CoreSim\src\RobotTwin.CoreSim\obj\project.assets.json
         Varlıklar dosyası değiştirilmedi. Varlıklar dosyasına yazma işlemi atlanıyor. Yol: C:\BASE\ROBOTWIN-STUDIO\robotwin-studio\CoreSim\tests\RobotTwin.CoreSim.Tests\obj\project.assets.json
         C:\BASE\ROBOTWIN-STUDIO\robotwin-studio\CoreSim\src\RobotTwin.CoreSim\RobotTwin.CoreSim.csproj geri yüklendi (51 ms içinde).
         C:\BASE\ROBOTWIN-STUDIO\robotwin-studio\CoreSim\tests\RobotTwin.CoreSim.Tests\RobotTwin.CoreSim.Tests.csproj geri yüklendi (51 ms içinde).
         
         Kullanılan NuGet yapılandırma dosyaları:
             C:\Users\ymc\AppData\Roaming\NuGet\NuGet.Config
             C:\Program Files (x86)\NuGet\Config\Microsoft.VisualStudio.FallbackLocation.config
             C:\Program Files (x86)\NuGet\Config\Microsoft.VisualStudio.Offline.config
         
         Kullanılan akışlar:
             https://api.nuget.org/v3/index.json
             C:\Program Files (x86)\Microsoft SDKs\NuGetPackages\
             C:\Program Files\dotnet\library-packs
         Geri yükleme için tüm projeler güncel.
     1>"C:\BASE\ROBOTWIN-STUDIO\robotwin-studio\CoreSim\tests\RobotTwin.CoreSim.Tests\RobotTwin.CoreSim.Tests.csproj" Projesini Oluşturma İşlemi Tamamlandı (Restore hedef).
   1:7>1 düğümünde "C:\BASE\ROBOTWIN-STUDIO\robotwin-studio\CoreSim\tests\RobotTwin.CoreSim.Tests\RobotTwin.CoreSim.Tests.csproj" projesi (varsayılan hedefler).
   1:7>"C:\BASE\ROBOTWIN-STUDIO\robotwin-studio\CoreSim\tests\RobotTwin.CoreSim.Tests\RobotTwin.CoreSim.Tests.csproj" projesi (1:7) 1 düğümünde "C:\BASE\ROBOTWIN-STUDIO\robotwin-studio\CoreSim\src\RobotTwin.CoreSim\RobotTwin.CoreSim.csproj" (2:16) oluşturuyor (varsayılan hedefler).
     2>GenerateTargetFrameworkMonikerAttribute:
       Tüm çıkış dosyaları, giriş dosyalarına göre güncel durumda olduğundan "GenerateTargetFrameworkMonikerAttribute" hedefi atlanıyor.
       CoreGenerateAssemblyInfo:
       Tüm çıkış dosyaları, giriş dosyalarına göre güncel durumda olduğundan "CoreGenerateAssemblyInfo" hedefi atlanıyor.
       _GenerateSourceLinkFile:
         'obj\Debug\net9.0\RobotTwin.CoreSim.sourcelink.json' Source Link dosyası güncel.
       CoreCompile:
       Tüm çıkış dosyaları, giriş dosyalarına göre güncel durumda olduğundan "CoreCompile" hedefi atlanıyor.
       GenerateBuildDependencyFile:
       Tüm çıkış dosyaları, giriş dosyalarına göre güncel durumda olduğundan "GenerateBuildDependencyFile" hedefi atlanıyor.
       CopyFilesToOutputDirectory:
         RobotTwin.CoreSim -> C:\BASE\ROBOTWIN-STUDIO\robotwin-studio\CoreSim\src\RobotTwin.CoreSim\bin\Debug\net9.0\RobotTwin.CoreSim.dll
     2>"C:\BASE\ROBOTWIN-STUDIO\robotwin-studio\CoreSim\src\RobotTwin.CoreSim\RobotTwin.CoreSim.csproj" Projesini Oluşturma İşlemi Tamamlandı (varsayılan hedefler).
     1>GenerateTargetFrameworkMonikerAttribute:
       Tüm çıkış dosyaları, giriş dosyalarına göre güncel durumda olduğundan "GenerateTargetFrameworkMonikerAttribute" hedefi atlanıyor.
       CoreGenerateAssemblyInfo:
       Tüm çıkış dosyaları, giriş dosyalarına göre güncel durumda olduğundan "CoreGenerateAssemblyInfo" hedefi atlanıyor.
       _GenerateSourceLinkFile:
         'obj\Debug\net9.0\RobotTwin.CoreSim.Tests.sourcelink.json' Source Link dosyası güncel.
       CoreCompile:
         C:\Program Files\dotnet\dotnet.exe exec "C:\Program Files\dotnet\sdk\9.0.308\Roslyn\bincore\csc.dll" /noconfig /unsafe- /checked- /nowarn:1701,1702,1701,1702 /fullpaths /nostdlib+ /errorreport:prompt /warn:9 /define:TRACE;DEBUG;NET;NET9_0;NETCOREAPP;NET5_0_OR_GREATER;NET6_0_OR_GREATER;NET7_0_OR_GREATER;NET8_0_OR_GREATER;NET9_0_OR_GREATER;NETCOREAPP1_0_OR_GREATER;NETCOREAPP1_1_OR_GREATER;NETCOREAPP2_0_OR_GREATER;NETCOREAPP2_1_OR_GREATER;NETCOREAPP2_2_OR_GREATER;NETCOREAPP3_0_OR_GREATER;NETCOREAPP3_1_OR_GREATER /highentropyva+ /nullable:enable /reference:"C:\Program Files\dotnet\packs\Microsoft.NETCore.App.Ref\9.0.11\ref\net9.0\Microsoft.CSharp.dll" /reference:C:\Users\ymc\.nuget\packages\microsoft.testplatform.testhost\17.12.0\lib\netcoreapp3.1\Microsoft.TestPlatform.CommunicationUtilities.dll /reference:C:\Users\ymc\.nuget\packages\microsoft.testplatform.testhost\17.12.0\lib\netcoreapp3.1\Microsoft.TestPlatform.CoreUtilities.dll /reference:C:\Users\ymc\.nuget\packages\microsoft.testplatform.testhost\17.12.0\lib\netcoreapp3.1\Microsoft.TestPlatform.CrossPlatEngine.dll /reference:C:\Users\ymc\.nuget\packages\microsoft.testplatform.testhost\17.12.0\lib\netcoreapp3.1\Microsoft.TestPlatform.PlatformAbstractions.dll /reference:C:\Users\ymc\.nuget\packages\microsoft.testplatform.testhost\17.12.0\lib\netcoreapp3.1\Microsoft.TestPlatform.Utilities.dll /reference:"C:\Program Files\dotnet\packs\Microsoft.NETCore.App.Ref\9.0.11\ref\net9.0\Microsoft.VisualBasic.Core.dll" /reference:"C:\Program Files\dotnet\packs\Microsoft.NETCore.App.Ref\9.0.11\ref\net9.0\Microsoft.VisualBasic.dll" /reference:C:\Users\ymc\.nuget\packages\microsoft.codecoverage\17.12.0\lib\netcoreapp3.1\Microsoft.VisualStudio.CodeCoverage.Shim.dll /reference:C:\Users\ymc\.nuget\packages\microsoft.testplatform.testhost\17.12.0\lib\netcoreapp3.1\Microsoft.VisualStudio.TestPlatform.Common.dll /reference:C:\Users\ymc\.nuget\packages\microsoft.testplatform.testhost\17.12.0\lib\netcoreapp3.1\Microsoft.VisualStudio.TestPlatform.ObjectModel.dll /reference:"C:\Program Files\dotnet\packs\Microsoft.NETCore.App.Ref\9.0.11\ref\net9.0\Microsoft.Win32.Primitives.dll" /reference:"C:\Program Files\dotnet\packs\Microsoft.NETCore.App.Ref\9.0.11\ref\net9.0\Microsoft.Win32.Registry.dll" /reference:"C:\Program Files\dotnet\packs\Microsoft.NETCore.App.Ref\9.0.11\ref\net9.0\mscorlib.dll" /reference:"C:\Program Files\dotnet\packs\Microsoft.NETCore.App.Ref\9.0.11\ref\net9.0\netstandard.dll" /reference:C:\Users\ymc\.nuget\packages\newtonsoft.json\13.0.1\lib\netstandard2.0\Newtonsoft.Json.dll /reference:C:\BASE\ROBOTWIN-STUDIO\robotwin-studio\CoreSim\src\RobotTwin.CoreSim\obj\Debug\net9.0\ref\RobotTwin.CoreSim.dll /reference:"C:\Program Files\dotnet\packs\Microsoft.NETCore.App.Ref\9.0.11\ref\net9.0\System.AppContext.dll" /reference:"C:\Program Files\dotnet\packs\Microsoft.NETCore.App.Ref\9.0.11\ref\net9.0\System.Buffers.dll" /reference:"C:\Program Files\dotnet\packs\Microsoft.NETCore.App.Ref\9.0.11\ref\net9.0\System.Collections.Concurrent.dll" /reference:"C:\Program Files\dotnet\packs\Microsoft.NETCore.App.Ref\9.0.11\ref\net9.0\System.Collections.dll" /reference:"C:\Program Files\dotnet\packs\Microsoft.NETCore.App.Ref\9.0.11\ref\net9.0\System.Collections.Immutable.dll" /reference:"C:\Program Files\dotnet\packs\Microsoft.NETCore.App.Ref\9.0.11\ref\net9.0\System.Collections.NonGeneric.dll" /reference:"C:\Program Files\dotnet\packs\Microsoft.NETCore.App.Ref\9.0.11\ref\net9.0\System.Collections.Specialized.dll" /reference:"C:\Program Files\dotnet\packs\Microsoft.NETCore.App.Ref\9.0.11\ref\net9.0\System.ComponentModel.Annotations.dll" /reference:"C:\Program Files\dotnet\packs\Microsoft.NETCore.App.Ref\9.0.11\ref\net9.0\System.ComponentModel.DataAnnotations.dll" /reference:"C:\Program Files\dotnet\packs\Microsoft.NETCore.App.Ref\9.0.11\ref\net9.0\System.ComponentModel.dll" /reference:"C:\Program Files\dotnet\packs\Microsoft.NETCore.App.Ref\9.0.11\ref\net9.0\System.ComponentModel.EventBasedAsync.dll" /reference:"C:\Program Files\dotnet\packs\Microsoft.NETCore.App.Ref\9.0.11\ref\net9.0\System.ComponentModel.Primitives.dll" /reference:"C:\Program Files\dotnet\packs\Microsoft.NETCore.App.Ref\9.0.11\ref\net9.0\System.ComponentModel.TypeConverter.dll" /reference:"C:\Program Files\dotnet\packs\Microsoft.NETCore.App.Ref\9.0.11\ref\net9.0\System.Configuration.dll" /reference:"C:\Program Files\dotnet\packs\Microsoft.NETCore.App.Ref\9.0.11\ref\net9.0\System.Console.dll" /reference:"C:\Program Files\dotnet\packs\Microsoft.NETCore.App.Ref\9.0.11\ref\net9.0\System.Core.dll" /reference:"C:\Program Files\dotnet\packs\Microsoft.NETCore.App.Ref\9.0.11\ref\net9.0\System.Data.Common.dll" /reference:"C:\Program Files\dotnet\packs\Microsoft.NETCore.App.Ref\9.0.11\ref\net9.0\System.Data.DataSetExtensions.dll" /reference:"C:\Program Files\dotnet\packs\Microsoft.NETCore.App.Ref\9.0.11\ref\net9.0\System.Data.dll" /reference:"C:\Program Files\dotnet\packs\Microsoft.NETCore.App.Ref\9.0.11\ref\net9.0\System.Diagnostics.Contracts.dll" /reference:"C:\Program Files\dotnet\packs\Microsoft.NETCore.App.Ref\9.0.11\ref\net9.0\System.Diagnostics.Debug.dll" /reference:"C:\Program Files\dotnet\packs\Microsoft.NETCore.App.Ref\9.0.11\ref\net9.0\System.Diagnostics.DiagnosticSource.dll" /reference:"C:\Program Files\dotnet\packs\Microsoft.NETCore.App.Ref\9.0.11\ref\net9.0\System.Diagnostics.FileVersionInfo.dll" /reference:"C:\Program Files\dotnet\packs\Microsoft.NETCore.App.Ref\9.0.11\ref\net9.0\System.Diagnostics.Process.dll" /reference:"C:\Program Files\dotnet\packs\Microsoft.NETCore.App.Ref\9.0.11\ref\net9.0\System.Diagnostics.StackTrace.dll" /reference:"C:\Program Files\dotnet\packs\Microsoft.NETCore.App.Ref\9.0.11\ref\net9.0\System.Diagnostics.TextWriterTraceListener.dll" /reference:"C:\Program Files\dotnet\packs\Microsoft.NETCore.App.Ref\9.0.11\ref\net9.0\System.Diagnostics.Tools.dll" /reference:"C:\Program Files\dotnet\packs\Microsoft.NETCore.App.Ref\9.0.11\ref\net9.0\System.Diagnostics.TraceSource.dll" /reference:"C:\Program Files\dotnet\packs\Microsoft.NETCore.App.Ref\9.0.11\ref\net9.0\System.Diagnostics.Tracing.dll" /reference:"C:\Program Files\dotnet\packs\Microsoft.NETCore.App.Ref\9.0.11\ref\net9.0\System.dll" /reference:"C:\Program Files\dotnet\packs\Microsoft.NETCore.App.Ref\9.0.11\ref\net9.0\System.Drawing.dll" /reference:"C:\Program Files\dotnet\packs\Microsoft.NETCore.App.Ref\9.0.11\ref\net9.0\System.Drawing.Primitives.dll" /reference:"C:\Program Files\dotnet\packs\Microsoft.NETCore.App.Ref\9.0.11\ref\net9.0\System.Dynamic.Runtime.dll" /reference:"C:\Program Files\dotnet\packs\Microsoft.NETCore.App.Ref\9.0.11\ref\net9.0\System.Formats.Asn1.dll" /reference:"C:\Program Files\dotnet\packs\Microsoft.NETCore.App.Ref\9.0.11\ref\net9.0\System.Formats.Tar.dll" /reference:"C:\Program Files\dotnet\packs\Microsoft.NETCore.App.Ref\9.0.11\ref\net9.0\System.Globalization.Calendars.dll" /reference:"C:\Program Files\dotnet\packs\Microsoft.NETCore.App.Ref\9.0.11\ref\net9.0\System.Globalization.dll" /reference:"C:\Program Files\dotnet\packs\Microsoft.NETCore.App.Ref\9.0.11\ref\net9.0\System.Globalization.Extensions.dll" /reference:"C:\Program Files\dotnet\packs\Microsoft.NETCore.App.Ref\9.0.11\ref\net9.0\System.IO.Compression.Brotli.dll" /reference:"C:\Program Files\dotnet\packs\Microsoft.NETCore.App.Ref\9.0.11\ref\net9.0\System.IO.Compression.dll" /reference:"C:\Program Files\dotnet\packs\Microsoft.NETCore.App.Ref\9.0.11\ref\net9.0\System.IO.Compression.FileSystem.dll" /reference:"C:\Program Files\dotnet\packs\Microsoft.NETCore.App.Ref\9.0.11\ref\net9.0\System.IO.Compression.ZipFile.dll" /reference:"C:\Program Files\dotnet\packs\Microsoft.NETCore.App.Ref\9.0.11\ref\net9.0\System.IO.dll" /reference:"C:\Program Files\dotnet\packs\Microsoft.NETCore.App.Ref\9.0.11\ref\net9.0\System.IO.FileSystem.AccessControl.dll" /reference:"C:\Program Files\dotnet\packs\Microsoft.NETCore.App.Ref\9.0.11\ref\net9.0\System.IO.FileSystem.dll" /reference:"C:\Program Files\dotnet\packs\Microsoft.NETCore.App.Ref\9.0.11\ref\net9.0\System.IO.FileSystem.DriveInfo.dll" /reference:"C:\Program Files\dotnet\packs\Microsoft.NETCore.App.Ref\9.0.11\ref\net9.0\System.IO.FileSystem.Primitives.dll" /reference:"C:\Program Files\dotnet\packs\Microsoft.NETCore.App.Ref\9.0.11\ref\net9.0\System.IO.FileSystem.Watcher.dll" /reference:"C:\Program Files\dotnet\packs\Microsoft.NETCore.App.Ref\9.0.11\ref\net9.0\System.IO.IsolatedStorage.dll" /reference:"C:\Program Files\dotnet\packs\Microsoft.NETCore.App.Ref\9.0.11\ref\net9.0\System.IO.MemoryMappedFiles.dll" /reference:"C:\Program Files\dotnet\packs\Microsoft.NETCore.App.Ref\9.0.11\ref\net9.0\System.IO.Pipelines.dll" /reference:"C:\Program Files\dotnet\packs\Microsoft.NETCore.App.Ref\9.0.11\ref\net9.0\System.IO.Pipes.AccessControl.dll" /reference:"C:\Program Files\dotnet\packs\Microsoft.NETCore.App.Ref\9.0.11\ref\net9.0\System.IO.Pipes.dll" /reference:"C:\Program Files\dotnet\packs\Microsoft.NETCore.App.Ref\9.0.11\ref\net9.0\System.IO.UnmanagedMemoryStream.dll" /reference:"C:\Program Files\dotnet\packs\Microsoft.NETCore.App.Ref\9.0.11\ref\net9.0\System.Linq.dll" /reference:"C:\Program Files\dotnet\packs\Microsoft.NETCore.App.Ref\9.0.11\ref\net9.0\System.Linq.Expressions.dll" /reference:"C:\Program Files\dotnet\packs\Microsoft.NETCore.App.Ref\9.0.11\ref\net9.0\System.Linq.Parallel.dll" /reference:"C:\Program Files\dotnet\packs\Microsoft.NETCore.App.Ref\9.0.11\ref\net9.0\System.Linq.Queryable.dll" /reference:"C:\Program Files\dotnet\packs\Microsoft.NETCore.App.Ref\9.0.11\ref\net9.0\System.Memory.dll" /reference:"C:\Program Files\dotnet\packs\Microsoft.NETCore.App.Ref\9.0.11\ref\net9.0\System.Net.dll" /reference:"C:\Program Files\dotnet\packs\Microsoft.NETCore.App.Ref\9.0.11\ref\net9.0\System.Net.Http.dll" /reference:"C:\Program Files\dotnet\packs\Microsoft.NETCore.App.Ref\9.0.11\ref\net9.0\System.Net.Http.Json.dll" /reference:"C:\Program Files\dotnet\packs\Microsoft.NETCore.App.Ref\9.0.11\ref\net9.0\System.Net.HttpListener.dll" /reference:"C:\Program Files\dotnet\packs\Microsoft.NETCore.App.Ref\9.0.11\ref\net9.0\System.Net.Mail.dll" /reference:"C:\Program Files\dotnet\packs\Microsoft.NETCore.App.Ref\9.0.11\ref\net9.0\System.Net.NameResolution.dll" /reference:"C:\Program Files\dotnet\packs\Microsoft.NETCore.App.Ref\9.0.11\ref\net9.0\System.Net.NetworkInformation.dll" /reference:"C:\Program Files\dotnet\packs\Microsoft.NETCore.App.Ref\9.0.11\ref\net9.0\System.Net.Ping.dll" /reference:"C:\Program Files\dotnet\packs\Microsoft.NETCore.App.Ref\9.0.11\ref\net9.0\System.Net.Primitives.dll" /reference:"C:\Program Files\dotnet\packs\Microsoft.NETCore.App.Ref\9.0.11\ref\net9.0\System.Net.Quic.dll" /reference:"C:\Program Files\dotnet\packs\Microsoft.NETCore.App.Ref\9.0.11\ref\net9.0\System.Net.Requests.dll" /reference:"C:\Program Files\dotnet\packs\Microsoft.NETCore.App.Ref\9.0.11\ref\net9.0\System.Net.Security.dll" /reference:"C:\Program Files\dotnet\packs\Microsoft.NETCore.App.Ref\9.0.11\ref\net9.0\System.Net.ServicePoint.dll" /reference:"C:\Program Files\dotnet\packs\Microsoft.NETCore.App.Ref\9.0.11\ref\net9.0\System.Net.Sockets.dll" /reference:"C:\Program Files\dotnet\packs\Microsoft.NETCore.App.Ref\9.0.11\ref\net9.0\System.Net.WebClient.dll" /reference:"C:\Program Files\dotnet\packs\Microsoft.NETCore.App.Ref\9.0.11\ref\net9.0\System.Net.WebHeaderCollection.dll" /reference:"C:\Program Files\dotnet\packs\Microsoft.NETCore.App.Ref\9.0.11\ref\net9.0\System.Net.WebProxy.dll" /reference:"C:\Program Files\dotnet\packs\Microsoft.NETCore.App.Ref\9.0.11\ref\net9.0\System.Net.WebSockets.Client.dll" /reference:"C:\Program Files\dotnet\packs\Microsoft.NETCore.App.Ref\9.0.11\ref\net9.0\System.Net.WebSockets.dll" /reference:"C:\Program Files\dotnet\packs\Microsoft.NETCore.App.Ref\9.0.11\ref\net9.0\System.Numerics.dll" /reference:"C:\Program Files\dotnet\packs\Microsoft.NETCore.App.Ref\9.0.11\ref\net9.0\System.Numerics.Vectors.dll" /reference:"C:\Program Files\dotnet\packs\Microsoft.NETCore.App.Ref\9.0.11\ref\net9.0\System.ObjectModel.dll" /reference:"C:\Program Files\dotnet\packs\Microsoft.NETCore.App.Ref\9.0.11\ref\net9.0\System.Reflection.DispatchProxy.dll" /reference:"C:\Program Files\dotnet\packs\Microsoft.NETCore.App.Ref\9.0.11\ref\net9.0\System.Reflection.dll" /reference:"C:\Program Files\dotnet\packs\Microsoft.NETCore.App.Ref\9.0.11\ref\net9.0\System.Reflection.Emit.dll" /reference:"C:\Program Files\dotnet\packs\Microsoft.NETCore.App.Ref\9.0.11\ref\net9.0\System.Reflection.Emit.ILGeneration.dll" /reference:"C:\Program Files\dotnet\packs\Microsoft.NETCore.App.Ref\9.0.11\ref\net9.0\System.Reflection.Emit.Lightweight.dll" /reference:"C:\Program Files\dotnet\packs\Microsoft.NETCore.App.Ref\9.0.11\ref\net9.0\System.Reflection.Extensions.dll" /reference:"C:\Program Files\dotnet\packs\Microsoft.NETCore.App.Ref\9.0.11\ref\net9.0\System.Reflection.Metadata.dll" /reference:"C:\Program Files\dotnet\packs\Microsoft.NETCore.App.Ref\9.0.11\ref\net9.0\System.Reflection.Primitives.dll" /reference:"C:\Program Files\dotnet\packs\Microsoft.NETCore.App.Ref\9.0.11\ref\net9.0\System.Reflection.TypeExtensions.dll" /reference:"C:\Program Files\dotnet\packs\Microsoft.NETCore.App.Ref\9.0.11\ref\net9.0\System.Resources.Reader.dll" /reference:"C:\Program Files\dotnet\packs\Microsoft.NETCore.App.Ref\9.0.11\ref\net9.0\System.Resources.ResourceManager.dll" /reference:"C:\Program Files\dotnet\packs\Microsoft.NETCore.App.Ref\9.0.11\ref\net9.0\System.Resources.Writer.dll" /reference:"C:\Program Files\dotnet\packs\Microsoft.NETCore.App.Ref\9.0.11\ref\net9.0\System.Runtime.CompilerServices.Unsafe.dll" /reference:"C:\Program Files\dotnet\packs\Microsoft.NETCore.App.Ref\9.0.11\ref\net9.0\System.Runtime.CompilerServices.VisualC.dll" /reference:"C:\Program Files\dotnet\packs\Microsoft.NETCore.App.Ref\9.0.11\ref\net9.0\System.Runtime.dll" /reference:"C:\Program Files\dotnet\packs\Microsoft.NETCore.App.Ref\9.0.11\ref\net9.0\System.Runtime.Extensions.dll" /reference:"C:\Program Files\dotnet\packs\Microsoft.NETCore.App.Ref\9.0.11\ref\net9.0\System.Runtime.Handles.dll" /reference:"C:\Program Files\dotnet\packs\Microsoft.NETCore.App.Ref\9.0.11\ref\net9.0\System.Runtime.InteropServices.dll" /reference:"C:\Program Files\dotnet\packs\Microsoft.NETCore.App.Ref\9.0.11\ref\net9.0\System.Runtime.InteropServices.JavaScript.dll" /reference:"C:\Program Files\dotnet\packs\Microsoft.NETCore.App.Ref\9.0.11\ref\net9.0\System.Runtime.InteropServices.RuntimeInformation.dll" /reference:"C:\Program Files\dotnet\packs\Microsoft.NETCore.App.Ref\9.0.11\ref\net9.0\System.Runtime.Intrinsics.dll" /reference:"C:\Program Files\dotnet\packs\Microsoft.NETCore.App.Ref\9.0.11\ref\net9.0\System.Runtime.Loader.dll" /reference:"C:\Program Files\dotnet\packs\Microsoft.NETCore.App.Ref\9.0.11\ref\net9.0\System.Runtime.Numerics.dll" /reference:"C:\Program Files\dotnet\packs\Microsoft.NETCore.App.Ref\9.0.11\ref\net9.0\System.Runtime.Serialization.dll" /reference:"C:\Program Files\dotnet\packs\Microsoft.NETCore.App.Ref\9.0.11\ref\net9.0\System.Runtime.Serialization.Formatters.dll" /reference:"C:\Program Files\dotnet\packs\Microsoft.NETCore.App.Ref\9.0.11\ref\net9.0\System.Runtime.Serialization.Json.dll" /reference:"C:\Program Files\dotnet\packs\Microsoft.NETCore.App.Ref\9.0.11\ref\net9.0\System.Runtime.Serialization.Primitives.dll" /reference:"C:\Program Files\dotnet\packs\Microsoft.NETCore.App.Ref\9.0.11\ref\net9.0\System.Runtime.Serialization.Xml.dll" /reference:"C:\Program Files\dotnet\packs\Microsoft.NETCore.App.Ref\9.0.11\ref\net9.0\System.Security.AccessControl.dll" /reference:"C:\Program Files\dotnet\packs\Microsoft.NETCore.App.Ref\9.0.11\ref\net9.0\System.Security.Claims.dll" /reference:"C:\Program Files\dotnet\packs\Microsoft.NETCore.App.Ref\9.0.11\ref\net9.0\System.Security.Cryptography.Algorithms.dll" /reference:"C:\Program Files\dotnet\packs\Microsoft.NETCore.App.Ref\9.0.11\ref\net9.0\System.Security.Cryptography.Cng.dll" /reference:"C:\Program Files\dotnet\packs\Microsoft.NETCore.App.Ref\9.0.11\ref\net9.0\System.Security.Cryptography.Csp.dll" /reference:"C:\Program Files\dotnet\packs\Microsoft.NETCore.App.Ref\9.0.11\ref\net9.0\System.Security.Cryptography.dll" /reference:"C:\Program Files\dotnet\packs\Microsoft.NETCore.App.Ref\9.0.11\ref\net9.0\System.Security.Cryptography.Encoding.dll" /reference:"C:\Program Files\dotnet\packs\Microsoft.NETCore.App.Ref\9.0.11\ref\net9.0\System.Security.Cryptography.OpenSsl.dll" /reference:"C:\Program Files\dotnet\packs\Microsoft.NETCore.App.Ref\9.0.11\ref\net9.0\System.Security.Cryptography.Primitives.dll" /reference:"C:\Program Files\dotnet\packs\Microsoft.NETCore.App.Ref\9.0.11\ref\net9.0\System.Security.Cryptography.X509Certificates.dll" /reference:"C:\Program Files\dotnet\packs\Microsoft.NETCore.App.Ref\9.0.11\ref\net9.0\System.Security.dll" /reference:"C:\Program Files\dotnet\packs\Microsoft.NETCore.App.Ref\9.0.11\ref\net9.0\System.Security.Principal.dll" /reference:"C:\Program Files\dotnet\packs\Microsoft.NETCore.App.Ref\9.0.11\ref\net9.0\System.Security.Principal.Windows.dll" /reference:"C:\Program Files\dotnet\packs\Microsoft.NETCore.App.Ref\9.0.11\ref\net9.0\System.Security.SecureString.dll" /reference:"C:\Program Files\dotnet\packs\Microsoft.NETCore.App.Ref\9.0.11\ref\net9.0\System.ServiceModel.Web.dll" /reference:"C:\Program Files\dotnet\packs\Microsoft.NETCore.App.Ref\9.0.11\ref\net9.0\System.ServiceProcess.dll" /reference:"C:\Program Files\dotnet\packs\Microsoft.NETCore.App.Ref\9.0.11\ref\net9.0\System.Text.Encoding.CodePages.dll" /reference:"C:\Program Files\dotnet\packs\Microsoft.NETCore.App.Ref\9.0.11\ref\net9.0\System.Text.Encoding.dll" /reference:"C:\Program Files\dotnet\packs\Microsoft.NETCore.App.Ref\9.0.11\ref\net9.0\System.Text.Encoding.Extensions.dll" /reference:"C:\Program Files\dotnet\packs\Microsoft.NETCore.App.Ref\9.0.11\ref\net9.0\System.Text.Encodings.Web.dll" /reference:"C:\Program Files\dotnet\packs\Microsoft.NETCore.App.Ref\9.0.11\ref\net9.0\System.Text.Json.dll" /reference:"C:\Program Files\dotnet\packs\Microsoft.NETCore.App.Ref\9.0.11\ref\net9.0\System.Text.RegularExpressions.dll" /reference:"C:\Program Files\dotnet\packs\Microsoft.NETCore.App.Ref\9.0.11\ref\net9.0\System.Threading.Channels.dll" /reference:"C:\Program Files\dotnet\packs\Microsoft.NETCore.App.Ref\9.0.11\ref\net9.0\System.Threading.dll" /reference:"C:\Program Files\dotnet\packs\Microsoft.NETCore.App.Ref\9.0.11\ref\net9.0\System.Threading.Overlapped.dll" /reference:"C:\Program Files\dotnet\packs\Microsoft.NETCore.App.Ref\9.0.11\ref\net9.0\System.Threading.Tasks.Dataflow.dll" /reference:"C:\Program Files\dotnet\packs\Microsoft.NETCore.App.Ref\9.0.11\ref\net9.0\System.Threading.Tasks.dll" /reference:"C:\Program Files\dotnet\packs\Microsoft.NETCore.App.Ref\9.0.11\ref\net9.0\System.Threading.Tasks.Extensions.dll" /reference:"C:\Program Files\dotnet\packs\Microsoft.NETCore.App.Ref\9.0.11\ref\net9.0\System.Threading.Tasks.Parallel.dll" /reference:"C:\Program Files\dotnet\packs\Microsoft.NETCore.App.Ref\9.0.11\ref\net9.0\System.Threading.Thread.dll" /reference:"C:\Program Files\dotnet\packs\Microsoft.NETCore.App.Ref\9.0.11\ref\net9.0\System.Threading.ThreadPool.dll" /reference:"C:\Program Files\dotnet\packs\Microsoft.NETCore.App.Ref\9.0.11\ref\net9.0\System.Threading.Timer.dll" /reference:"C:\Program Files\dotnet\packs\Microsoft.NETCore.App.Ref\9.0.11\ref\net9.0\System.Transactions.dll" /reference:"C:\Program Files\dotnet\packs\Microsoft.NETCore.App.Ref\9.0.11\ref\net9.0\System.Transactions.Local.dll" /reference:"C:\Program Files\dotnet\packs\Microsoft.NETCore.App.Ref\9.0.11\ref\net9.0\System.ValueTuple.dll" /reference:"C:\Program Files\dotnet\packs\Microsoft.NETCore.App.Ref\9.0.11\ref\net9.0\System.Web.dll" /reference:"C:\Program Files\dotnet\packs\Microsoft.NETCore.App.Ref\9.0.11\ref\net9.0\System.Web.HttpUtility.dll" /reference:"C:\Program Files\dotnet\packs\Microsoft.NETCore.App.Ref\9.0.11\ref\net9.0\System.Windows.dll" /reference:"C:\Program Files\dotnet\packs\Microsoft.NETCore.App.Ref\9.0.11\ref\net9.0\System.Xml.dll" /reference:"C:\Program Files\dotnet\packs\Microsoft.NETCore.App.Ref\9.0.11\ref\net9.0\System.Xml.Linq.dll" /reference:"C:\Program Files\dotnet\packs\Microsoft.NETCore.App.Ref\9.0.11\ref\net9.0\System.Xml.ReaderWriter.dll" /reference:"C:\Program Files\dotnet\packs\Microsoft.NETCore.App.Ref\9.0.11\ref\net9.0\System.Xml.Serialization.dll" /reference:"C:\Program Files\dotnet\packs\Microsoft.NETCore.App.Ref\9.0.11\ref\net9.0\System.Xml.XDocument.dll" /reference:"C:\Program Files\dotnet\packs\Microsoft.NETCore.App.Ref\9.0.11\ref\net9.0\System.Xml.XmlDocument.dll" /reference:"C:\Program Files\dotnet\packs\Microsoft.NETCore.App.Ref\9.0.11\ref\net9.0\System.Xml.XmlSerializer.dll" /reference:"C:\Program Files\dotnet\packs\Microsoft.NETCore.App.Ref\9.0.11\ref\net9.0\System.Xml.XPath.dll" /reference:"C:\Program Files\dotnet\packs\Microsoft.NETCore.App.Ref\9.0.11\ref\net9.0\System.Xml.XPath.XDocument.dll" /reference:C:\Users\ymc\.nuget\packages\microsoft.testplatform.testhost\17.12.0\lib\netcoreapp3.1\testhost.dll /reference:"C:\Program Files\dotnet\packs\Microsoft.NETCore.App.Ref\9.0.11\ref\net9.0\WindowsBase.dll" /reference:C:\Users\ymc\.nuget\packages\xunit.abstractions\2.0.3\lib\netstandard2.0\xunit.abstractions.dll /reference:C:\Users\ymc\.nuget\packages\xunit.assert\2.9.2\lib\net6.0\xunit.assert.dll /reference:C:\Users\ymc\.nuget\packages\xunit.extensibility.core\2.9.2\lib\netstandard1.1\xunit.core.dll /reference:C:\Users\ymc\.nuget\packages\xunit.extensibility.execution\2.9.2\lib\netstandard1.1\xunit.execution.dotnet.dll /debug+ /debug:portable /filealign:512 /optimize- /out:obj\Debug\net9.0\RobotTwin.CoreSim.Tests.dll /refout:obj\Debug\net9.0\refint\RobotTwin.CoreSim.Tests.dll /target:exe /warnaserror- /utf8output /deterministic+ /sourcelink:obj\Debug\net9.0\RobotTwin.CoreSim.Tests.sourcelink.json /langversion:13.0 /embed:C:\Users\ymc\.nuget\packages\microsoft.net.test.sdk\17.12.0\build\netcoreapp3.1\Microsoft.NET.Test.Sdk.Program.cs /embed:obj\Debug\net9.0\RobotTwin.CoreSim.Tests.GlobalUsings.g.cs /embed:"obj\Debug\net9.0\.NETCoreApp,Version=v9.0.AssemblyAttributes.cs" /embed:obj\Debug\net9.0\RobotTwin.CoreSim.Tests.AssemblyInfo.cs /analyzerconfig:obj\Debug\net9.0\RobotTwin.CoreSim.Tests.GeneratedMSBuildEditorConfig.editorconfig /analyzerconfig:"C:\Program Files\dotnet\sdk\9.0.308\Sdks\Microsoft.NET.Sdk\analyzers\build\config\analysislevel_9_default.globalconfig" /analyzer:"C:\Program Files\dotnet\sdk\9.0.308\Sdks\Microsoft.NET.Sdk\targets\..\analyzers\Microsoft.CodeAnalysis.CSharp.NetAnalyzers.dll" /analyzer:"C:\Program Files\dotnet\sdk\9.0.308\Sdks\Microsoft.NET.Sdk\targets\..\analyzers\Microsoft.CodeAnalysis.NetAnalyzers.dll" /analyzer:C:\Users\ymc\.nuget\packages\xunit.analyzers\1.16.0\analyzers\dotnet\cs\xunit.analyzers.dll /analyzer:C:\Users\ymc\.nuget\packages\xunit.analyzers\1.16.0\analyzers\dotnet\cs\xunit.analyzers.fixes.dll /analyzer:"C:\Program Files\dotnet\packs\Microsoft.NETCore.App.Ref\9.0.11\analyzers/dotnet/cs/Microsoft.Interop.ComInterfaceGenerator.dll" /analyzer:"C:\Program Files\dotnet\packs\Microsoft.NETCore.App.Ref\9.0.11\analyzers/dotnet/cs/Microsoft.Interop.JavaScript.JSImportGenerator.dll" /analyzer:"C:\Program Files\dotnet\packs\Microsoft.NETCore.App.Ref\9.0.11\analyzers/dotnet/cs/Microsoft.Interop.LibraryImportGenerator.dll" /analyzer:"C:\Program Files\dotnet\packs\Microsoft.NETCore.App.Ref\9.0.11\analyzers/dotnet/cs/Microsoft.Interop.SourceGeneration.dll" /analyzer:"C:\Program Files\dotnet\packs\Microsoft.NETCore.App.Ref\9.0.11\analyzers/dotnet/cs/System.Text.Json.SourceGeneration.dll" /analyzer:"C:\Program Files\dotnet\packs\Microsoft.NETCore.App.Ref\9.0.11\analyzers/dotnet/cs/System.Text.RegularExpressions.Generator.dll" BasicTests.cs CatalogDefaultsTests.cs CatalogTests.cs RunEngineTests.cs Runtime\RunEngineTests.cs SerializationTests.cs TemplateTests.cs ValidationRulesTests.cs ValidationTests.cs WaveformTests.cs C:\Users\ymc\.nuget\packages\microsoft.net.test.sdk\17.12.0\build\netcoreapp3.1\Microsoft.NET.Test.Sdk.Program.cs obj\Debug\net9.0\RobotTwin.CoreSim.Tests.GlobalUsings.g.cs "obj\Debug\net9.0\.NETCoreApp,Version=v9.0.AssemblyAttributes.cs" obj\Debug\net9.0\RobotTwin.CoreSim.Tests.AssemblyInfo.cs /warnaserror+:NU1605,SYSLIB0011
     1>C:\BASE\ROBOTWIN-STUDIO\robotwin-studio\CoreSim\tests\RobotTwin.CoreSim.Tests\RunEngineTests.cs(15,30): error CS1729: 'RunEngine', 1 bağımsız değişkenlerini alan bir oluşturucu içermiyor [C:\BASE\ROBOTWIN-STUDIO\robotwin-studio\CoreSim\tests\RobotTwin.CoreSim.Tests\RobotTwin.CoreSim.Tests.csproj]
     1>C:\BASE\ROBOTWIN-STUDIO\robotwin-studio\CoreSim\tests\RobotTwin.CoreSim.Tests\RunEngineTests.cs(16,36): error CS1061: 'RunEngine' bir 'Session' tanımı içermiyor ve 'RunEngine' türünde bir ilk bağımsız değişken kabul eden hiçbir erişilebilir 'Session' genişletme yöntemi bulunamadı (bir kullanma yönergeniz veya derleme başvurunuz eksik olabilir mi?) [C:\BASE\ROBOTWIN-STUDIO\robotwin-studio\CoreSim\tests\RobotTwin.CoreSim.Tests\RobotTwin.CoreSim.Tests.csproj]
     1>C:\BASE\ROBOTWIN-STUDIO\robotwin-studio\CoreSim\tests\RobotTwin.CoreSim.Tests\RunEngineTests.cs(17,37): error CS1061: 'RunEngine' bir 'Session' tanımı içermiyor ve 'RunEngine' türünde bir ilk bağımsız değişken kabul eden hiçbir erişilebilir 'Session' genişletme yöntemi bulunamadı (bir kullanma yönergeniz veya derleme başvurunuz eksik olabilir mi?) [C:\BASE\ROBOTWIN-STUDIO\robotwin-studio\CoreSim\tests\RobotTwin.CoreSim.Tests\RobotTwin.CoreSim.Tests.csproj]
     1>C:\BASE\ROBOTWIN-STUDIO\robotwin-studio\CoreSim\tests\RobotTwin.CoreSim.Tests\RunEngineTests.cs(19,20): error CS7036: 'RunEngine.Step(double)'nin gerekli 'dt' parametresine karşılık gelen herhangi bir argüman yok [C:\BASE\ROBOTWIN-STUDIO\robotwin-studio\CoreSim\tests\RobotTwin.CoreSim.Tests\RobotTwin.CoreSim.Tests.csproj]
     1>C:\BASE\ROBOTWIN-STUDIO\robotwin-studio\CoreSim\tests\RobotTwin.CoreSim.Tests\RunEngineTests.cs(21,36): error CS1061: 'RunEngine' bir 'Session' tanımı içermiyor ve 'RunEngine' türünde bir ilk bağımsız değişken kabul eden hiçbir erişilebilir 'Session' genişletme yöntemi bulunamadı (bir kullanma yönergeniz veya derleme başvurunuz eksik olabilir mi?) [C:\BASE\ROBOTWIN-STUDIO\robotwin-studio\CoreSim\tests\RobotTwin.CoreSim.Tests\RobotTwin.CoreSim.Tests.csproj]
     1>C:\BASE\ROBOTWIN-STUDIO\robotwin-studio\CoreSim\tests\RobotTwin.CoreSim.Tests\RunEngineTests.cs(22,40): error CS1061: 'RunEngine' bir 'Session' tanımı içermiyor ve 'RunEngine' türünde bir ilk bağımsız değişken kabul eden hiçbir erişilebilir 'Session' genişletme yöntemi bulunamadı (bir kullanma yönergeniz veya derleme başvurunuz eksik olabilir mi?) [C:\BASE\ROBOTWIN-STUDIO\robotwin-studio\CoreSim\tests\RobotTwin.CoreSim.Tests\RobotTwin.CoreSim.Tests.csproj]
     1>C:\BASE\ROBOTWIN-STUDIO\robotwin-studio\CoreSim\tests\RobotTwin.CoreSim.Tests\RunEngineTests.cs(28,31): error CS1729: 'RunEngine', 2 bağımsız değişkenlerini alan bir oluşturucu içermiyor [C:\BASE\ROBOTWIN-STUDIO\robotwin-studio\CoreSim\tests\RobotTwin.CoreSim.Tests\RobotTwin.CoreSim.Tests.csproj]
     1>C:\BASE\ROBOTWIN-STUDIO\robotwin-studio\CoreSim\tests\RobotTwin.CoreSim.Tests\RunEngineTests.cs(29,31): error CS1729: 'RunEngine', 2 bağımsız değişkenlerini alan bir oluşturucu içermiyor [C:\BASE\ROBOTWIN-STUDIO\robotwin-studio\CoreSim\tests\RobotTwin.CoreSim.Tests\RobotTwin.CoreSim.Tests.csproj]
     1>C:\BASE\ROBOTWIN-STUDIO\robotwin-studio\CoreSim\tests\RobotTwin.CoreSim.Tests\RunEngineTests.cs(31,21): error CS7036: 'RunEngine.Step(double)'nin gerekli 'dt' parametresine karşılık gelen herhangi bir argüman yok [C:\BASE\ROBOTWIN-STUDIO\robotwin-studio\CoreSim\tests\RobotTwin.CoreSim.Tests\RobotTwin.CoreSim.Tests.csproj]
     1>C:\BASE\ROBOTWIN-STUDIO\robotwin-studio\CoreSim\tests\RobotTwin.CoreSim.Tests\RunEngineTests.cs(32,21): error CS7036: 'RunEngine.Step(double)'nin gerekli 'dt' parametresine karşılık gelen herhangi bir argüman yok [C:\BASE\ROBOTWIN-STUDIO\robotwin-studio\CoreSim\tests\RobotTwin.CoreSim.Tests\RobotTwin.CoreSim.Tests.csproj]
     1>C:\BASE\ROBOTWIN-STUDIO\robotwin-studio\CoreSim\tests\RobotTwin.CoreSim.Tests\RunEngineTests.cs(39,21): error CS1061: 'RunEngine' bir 'Bus' tanımı içermiyor ve 'RunEngine' türünde bir ilk bağımsız değişken kabul eden hiçbir erişilebilir 'Bus' genişletme yöntemi bulunamadı (bir kullanma yönergeniz veya derleme başvurunuz eksik olabilir mi?) [C:\BASE\ROBOTWIN-STUDIO\robotwin-studio\CoreSim\tests\RobotTwin.CoreSim.Tests\RobotTwin.CoreSim.Tests.csproj]
     1>C:\BASE\ROBOTWIN-STUDIO\robotwin-studio\CoreSim\tests\RobotTwin.CoreSim.Tests\RunEngineTests.cs(40,21): error CS1061: 'RunEngine' bir 'Bus' tanımı içermiyor ve 'RunEngine' türünde bir ilk bağımsız değişken kabul eden hiçbir erişilebilir 'Bus' genişletme yöntemi bulunamadı (bir kullanma yönergeniz veya derleme başvurunuz eksik olabilir mi?) [C:\BASE\ROBOTWIN-STUDIO\robotwin-studio\CoreSim\tests\RobotTwin.CoreSim.Tests\RobotTwin.CoreSim.Tests.csproj]
     1>C:\BASE\ROBOTWIN-STUDIO\robotwin-studio\CoreSim\tests\RobotTwin.CoreSim.Tests\RunEngineTests.cs(43,21): error CS7036: 'RunEngine.Step(double)'nin gerekli 'dt' parametresine karşılık gelen herhangi bir argüman yok [C:\BASE\ROBOTWIN-STUDIO\robotwin-studio\CoreSim\tests\RobotTwin.CoreSim.Tests\RobotTwin.CoreSim.Tests.csproj]
     1>C:\BASE\ROBOTWIN-STUDIO\robotwin-studio\CoreSim\tests\RobotTwin.CoreSim.Tests\RunEngineTests.cs(44,21): error CS7036: 'RunEngine.Step(double)'nin gerekli 'dt' parametresine karşılık gelen herhangi bir argüman yok [C:\BASE\ROBOTWIN-STUDIO\robotwin-studio\CoreSim\tests\RobotTwin.CoreSim.Tests\RobotTwin.CoreSim.Tests.csproj]
     1>C:\BASE\ROBOTWIN-STUDIO\robotwin-studio\CoreSim\tests\RobotTwin.CoreSim.Tests\RunEngineTests.cs(59,43): error CS1729: 'SimulationRecorder', 1 bağımsız değişkenlerini alan bir oluşturucu içermiyor [C:\BASE\ROBOTWIN-STUDIO\robotwin-studio\CoreSim\tests\RobotTwin.CoreSim.Tests\RobotTwin.CoreSim.Tests.csproj]
     1>C:\BASE\ROBOTWIN-STUDIO\robotwin-studio\CoreSim\tests\RobotTwin.CoreSim.Tests\RunEngineTests.cs(59,24): error CS1674: Bir ‘using’ deyiminde kullanılan 'SimulationRecorder' türü 'System.IDisposable' metodunu uygulamalıdır. [C:\BASE\ROBOTWIN-STUDIO\robotwin-studio\CoreSim\tests\RobotTwin.CoreSim.Tests\RobotTwin.CoreSim.Tests.csproj]
     1>C:\BASE\ROBOTWIN-STUDIO\robotwin-studio\CoreSim\tests\RobotTwin.CoreSim.Tests\RunEngineTests.cs(62,30): error CS1061: 'SimulationRecorder' bir 'RecordEvent' tanımı içermiyor ve 'SimulationRecorder' türünde bir ilk bağımsız değişken kabul eden hiçbir erişilebilir 'RecordEvent' genişletme yöntemi bulunamadı (bir kullanma yönergeniz veya derleme başvurunuz eksik olabilir mi?) [C:\BASE\ROBOTWIN-STUDIO\robotwin-studio\CoreSim\tests\RobotTwin.CoreSim.Tests\RobotTwin.CoreSim.Tests.csproj]
         CompilerServer: server - server processed compilation - RobotTwin.CoreSim.Tests (net9.0)
     1>"C:\BASE\ROBOTWIN-STUDIO\robotwin-studio\CoreSim\tests\RobotTwin.CoreSim.Tests\RobotTwin.CoreSim.Tests.csproj" Projesini Oluşturma İşlemi Tamamlandı (varsayılan hedefler) -- BAŞARISIZ OLDU.

Oluşturma BAŞARISIZ OLDU.

       "C:\BASE\ROBOTWIN-STUDIO\robotwin-studio\CoreSim\tests\RobotTwin.CoreSim.Tests\RobotTwin.CoreSim.Tests.csproj" (varsayılan hedef) (1:7) ->
       (CoreCompile hedefi) -> 
         C:\BASE\ROBOTWIN-STUDIO\robotwin-studio\CoreSim\tests\RobotTwin.CoreSim.Tests\RunEngineTests.cs(15,30): error CS1729: 'RunEngine', 1 bağımsız değişkenlerini alan bir oluşturucu içermiyor [C:\BASE\ROBOTWIN-STUDIO\robotwin-studio\CoreSim\tests\RobotTwin.CoreSim.Tests\RobotTwin.CoreSim.Tests.csproj]
         C:\BASE\ROBOTWIN-STUDIO\robotwin-studio\CoreSim\tests\RobotTwin.CoreSim.Tests\RunEngineTests.cs(16,36): error CS1061: 'RunEngine' bir 'Session' tanımı içermiyor ve 'RunEngine' türünde bir ilk bağımsız değişken kabul eden hiçbir erişilebilir 'Session' genişletme yöntemi bulunamadı (bir kullanma yönergeniz veya derleme başvurunuz eksik olabilir mi?) [C:\BASE\ROBOTWIN-STUDIO\robotwin-studio\CoreSim\tests\RobotTwin.CoreSim.Tests\RobotTwin.CoreSim.Tests.csproj]
         C:\BASE\ROBOTWIN-STUDIO\robotwin-studio\CoreSim\tests\RobotTwin.CoreSim.Tests\RunEngineTests.cs(17,37): error CS1061: 'RunEngine' bir 'Session' tanımı içermiyor ve 'RunEngine' türünde bir ilk bağımsız değişken kabul eden hiçbir erişilebilir 'Session' genişletme yöntemi bulunamadı (bir kullanma yönergeniz veya derleme başvurunuz eksik olabilir mi?) [C:\BASE\ROBOTWIN-STUDIO\robotwin-studio\CoreSim\tests\RobotTwin.CoreSim.Tests\RobotTwin.CoreSim.Tests.csproj]
         C:\BASE\ROBOTWIN-STUDIO\robotwin-studio\CoreSim\tests\RobotTwin.CoreSim.Tests\RunEngineTests.cs(19,20): error CS7036: 'RunEngine.Step(double)'nin gerekli 'dt' parametresine karşılık gelen herhangi bir argüman yok [C:\BASE\ROBOTWIN-STUDIO\robotwin-studio\CoreSim\tests\RobotTwin.CoreSim.Tests\RobotTwin.CoreSim.Tests.csproj]
         C:\BASE\ROBOTWIN-STUDIO\robotwin-studio\CoreSim\tests\RobotTwin.CoreSim.Tests\RunEngineTests.cs(21,36): error CS1061: 'RunEngine' bir 'Session' tanımı içermiyor ve 'RunEngine' türünde bir ilk bağımsız değişken kabul eden hiçbir erişilebilir 'Session' genişletme yöntemi bulunamadı (bir kullanma yönergeniz veya derleme başvurunuz eksik olabilir mi?) [C:\BASE\ROBOTWIN-STUDIO\robotwin-studio\CoreSim\tests\RobotTwin.CoreSim.Tests\RobotTwin.CoreSim.Tests.csproj]
         C:\BASE\ROBOTWIN-STUDIO\robotwin-studio\CoreSim\tests\RobotTwin.CoreSim.Tests\RunEngineTests.cs(22,40): error CS1061: 'RunEngine' bir 'Session' tanımı içermiyor ve 'RunEngine' türünde bir ilk bağımsız değişken kabul eden hiçbir erişilebilir 'Session' genişletme yöntemi bulunamadı (bir kullanma yönergeniz veya derleme başvurunuz eksik olabilir mi?) [C:\BASE\ROBOTWIN-STUDIO\robotwin-studio\CoreSim\tests\RobotTwin.CoreSim.Tests\RobotTwin.CoreSim.Tests.csproj]
         C:\BASE\ROBOTWIN-STUDIO\robotwin-studio\CoreSim\tests\RobotTwin.CoreSim.Tests\RunEngineTests.cs(28,31): error CS1729: 'RunEngine', 2 bağımsız değişkenlerini alan bir oluşturucu içermiyor [C:\BASE\ROBOTWIN-STUDIO\robotwin-studio\CoreSim\tests\RobotTwin.CoreSim.Tests\RobotTwin.CoreSim.Tests.csproj]
         C:\BASE\ROBOTWIN-STUDIO\robotwin-studio\CoreSim\tests\RobotTwin.CoreSim.Tests\RunEngineTests.cs(29,31): error CS1729: 'RunEngine', 2 bağımsız değişkenlerini alan bir oluşturucu içermiyor [C:\BASE\ROBOTWIN-STUDIO\robotwin-studio\CoreSim\tests\RobotTwin.CoreSim.Tests\RobotTwin.CoreSim.Tests.csproj]
         C:\BASE\ROBOTWIN-STUDIO\robotwin-studio\CoreSim\tests\RobotTwin.CoreSim.Tests\RunEngineTests.cs(31,21): error CS7036: 'RunEngine.Step(double)'nin gerekli 'dt' parametresine karşılık gelen herhangi bir argüman yok [C:\BASE\ROBOTWIN-STUDIO\robotwin-studio\CoreSim\tests\RobotTwin.CoreSim.Tests\RobotTwin.CoreSim.Tests.csproj]
         C:\BASE\ROBOTWIN-STUDIO\robotwin-studio\CoreSim\tests\RobotTwin.CoreSim.Tests\RunEngineTests.cs(32,21): error CS7036: 'RunEngine.Step(double)'nin gerekli 'dt' parametresine karşılık gelen herhangi bir argüman yok [C:\BASE\ROBOTWIN-STUDIO\robotwin-studio\CoreSim\tests\RobotTwin.CoreSim.Tests\RobotTwin.CoreSim.Tests.csproj]
         C:\BASE\ROBOTWIN-STUDIO\robotwin-studio\CoreSim\tests\RobotTwin.CoreSim.Tests\RunEngineTests.cs(39,21): error CS1061: 'RunEngine' bir 'Bus' tanımı içermiyor ve 'RunEngine' türünde bir ilk bağımsız değişken kabul eden hiçbir erişilebilir 'Bus' genişletme yöntemi bulunamadı (bir kullanma yönergeniz veya derleme başvurunuz eksik olabilir mi?) [C:\BASE\ROBOTWIN-STUDIO\robotwin-studio\CoreSim\tests\RobotTwin.CoreSim.Tests\RobotTwin.CoreSim.Tests.csproj]
         C:\BASE\ROBOTWIN-STUDIO\robotwin-studio\CoreSim\tests\RobotTwin.CoreSim.Tests\RunEngineTests.cs(40,21): error CS1061: 'RunEngine' bir 'Bus' tanımı içermiyor ve 'RunEngine' türünde bir ilk bağımsız değişken kabul eden hiçbir erişilebilir 'Bus' genişletme yöntemi bulunamadı (bir kullanma yönergeniz veya derleme başvurunuz eksik olabilir mi?) [C:\BASE\ROBOTWIN-STUDIO\robotwin-studio\CoreSim\tests\RobotTwin.CoreSim.Tests\RobotTwin.CoreSim.Tests.csproj]
         C:\BASE\ROBOTWIN-STUDIO\robotwin-studio\CoreSim\tests\RobotTwin.CoreSim.Tests\RunEngineTests.cs(43,21): error CS7036: 'RunEngine.Step(double)'nin gerekli 'dt' parametresine karşılık gelen herhangi bir argüman yok [C:\BASE\ROBOTWIN-STUDIO\robotwin-studio\CoreSim\tests\RobotTwin.CoreSim.Tests\RobotTwin.CoreSim.Tests.csproj]
         C:\BASE\ROBOTWIN-STUDIO\robotwin-studio\CoreSim\tests\RobotTwin.CoreSim.Tests\RunEngineTests.cs(44,21): error CS7036: 'RunEngine.Step(double)'nin gerekli 'dt' parametresine karşılık gelen herhangi bir argüman yok [C:\BASE\ROBOTWIN-STUDIO\robotwin-studio\CoreSim\tests\RobotTwin.CoreSim.Tests\RobotTwin.CoreSim.Tests.csproj]
         C:\BASE\ROBOTWIN-STUDIO\robotwin-studio\CoreSim\tests\RobotTwin.CoreSim.Tests\RunEngineTests.cs(59,43): error CS1729: 'SimulationRecorder', 1 bağımsız değişkenlerini alan bir oluşturucu içermiyor [C:\BASE\ROBOTWIN-STUDIO\robotwin-studio\CoreSim\tests\RobotTwin.CoreSim.Tests\RobotTwin.CoreSim.Tests.csproj]
         C:\BASE\ROBOTWIN-STUDIO\robotwin-studio\CoreSim\tests\RobotTwin.CoreSim.Tests\RunEngineTests.cs(59,24): error CS1674: Bir ‘using’ deyiminde kullanılan 'SimulationRecorder' türü 'System.IDisposable' metodunu uygulamalıdır. [C:\BASE\ROBOTWIN-STUDIO\robotwin-studio\CoreSim\tests\RobotTwin.CoreSim.Tests\RobotTwin.CoreSim.Tests.csproj]
         C:\BASE\ROBOTWIN-STUDIO\robotwin-studio\CoreSim\tests\RobotTwin.CoreSim.Tests\RunEngineTests.cs(62,30): error CS1061: 'SimulationRecorder' bir 'RecordEvent' tanımı içermiyor ve 'SimulationRecorder' türünde bir ilk bağımsız değişken kabul eden hiçbir erişilebilir 'RecordEvent' genişletme yöntemi bulunamadı (bir kullanma yönergeniz veya derleme başvurunuz eksik olabilir mi?) [C:\BASE\ROBOTWIN-STUDIO\robotwin-studio\CoreSim\tests\RobotTwin.CoreSim.Tests\RobotTwin.CoreSim.Tests.csproj]

    0 Uyarı
    17 Hata

Geçen Süre 00:00:01.65
